2025-03-22 19:08:59,428 DEBUG    root            Loaded Command Group: ['gcloud', 'auth']
2025-03-22 19:08:59,430 DEBUG    root            Loaded Command Group: ['gcloud', 'auth', 'application_default']
2025-03-22 19:08:59,442 DEBUG    root            Loaded Command Group: ['gcloud', 'auth', 'application-default', 'login']
2025-03-22 19:08:59,443 DEBUG    root            Running [gcloud.auth.application-default.login] with arguments: []
2025-03-22 19:08:59,490 DEBUG    requests_oauthlib.oauth2_session Generated new state 64OCVWDy71uW6D58ZCmijnc7q7cYi4.
2025-03-22 19:08:59,631 INFO     ___FILE_ONLY___ Your browser has been opened to visit:

    https://accounts.google.com/o/oauth2/auth?response_type=code&client_id=764086051850-6qr4p6gpi6hn506pt8ejuq83di341hur.apps.googleusercontent.com&redirect_uri=http%3A%2F%2Flocalhost%3A8085%2F&scope=openid+https%3A%2F%2Fwww.googleapis.com%2Fauth%2Fuserinfo.email+https%3A%2F%2Fwww.googleapis.com%2Fauth%2Fcloud-platform+https%3A%2F%2Fwww.googleapis.com%2Fauth%2Fsqlservice.login&state=64OCVWDy71uW6D58ZCmijnc7q7cYi4&access_type=offline&code_challenge=k0Rry2w3QLkDQ8ib-Ax-oc5GfHA0U3ZOtJ_7Tk9kSW4&code_challenge_method=S256


2025-03-22 19:09:04,746 INFO     google_auth_oauthlib.flow "GET /?state=64OCVWDy71uW6D58ZCmijnc7q7cYi4&code=4/0AQSTgQGSbrXelcpTqnsbNrqurjivRsJGjj6JtiCjJzT5-CG-97PlC9CrvR0ARUgzunKVOA&scope=email%20openid%20https://www.googleapis.com/auth/userinfo.email%20https://www.googleapis.com/auth/cloud-platform%20https://www.googleapis.com/auth/sqlservice.login&authuser=0&hd=andrew.cmu.edu&prompt=consent HTTP/1.1" 200 937
2025-03-22 19:09:04,748 DEBUG    requests_oauthlib.oauth2_session Requesting url https://oauth2.googleapis.com/token using method POST.
2025-03-22 19:09:04,749 DEBUG    requests_oauthlib.oauth2_session Supplying headers {b'Accept': b'application/json', b'Content-Type': b'application/x-www-form-urlencoded;charset=UTF-8', b'user-agent': b'google-cloud-sdk gcloud/515.0.0 command/gcloud.auth.application-default.login invocation-id/4828f29f8f3e41909e9122dc13ef1d05 environment/None environment-version/None client-os/MACOSX client-os-ver/24.3.0 client-pltf-arch/arm interactive/True from-script/False python/3.12.8 term/xterm-256color (Macintosh; Intel Mac OS X 24.3.0)'} and data {'grant_type': 'authorization_code', 'client_id': '764086051850-6qr4p6gpi6hn506pt8ejuq83di341hur.apps.googleusercontent.com', 'client_secret': 'd-FL95Q19q7MQmFpd7hHD0Ty', 'code': '4/0AQSTgQGSbrXelcpTqnsbNrqurjivRsJGjj6JtiCjJzT5-CG-97PlC9CrvR0ARUgzunKVOA', 'redirect_uri': 'http://localhost:8085/', 'code_verifier': 'gF~2C3tKVdH.no~_ijjDuArGkQjH8wPA_LM85dDoTnWxV6TCtoXtxrbLhjhSs~v9CAsHDZDGICdbFAZoUylDLrMXGW4N9zJfvTe_flMfp_gmnAXhc005vrOP-xpAemUq'}
2025-03-22 19:09:04,749 DEBUG    requests_oauthlib.oauth2_session Passing through key word arguments {'json': None, 'timeout': None, 'auth': None, 'verify': None, 'proxies': None}.
2025-03-22 19:09:04,761 DEBUG    urllib3.connectionpool Starting new HTTPS connection (1): oauth2.googleapis.com:443
2025-03-22 19:09:04,862 DEBUG    urllib3.connectionpool https://oauth2.googleapis.com:443 "POST /token HTTP/11" 200 None
2025-03-22 19:09:04,864 DEBUG    requests_oauthlib.oauth2_session Prepared fetch token request body grant_type=authorization_code&client_id=764086051850-6qr4p6gpi6hn506pt8ejuq83di341hur.apps.googleusercontent.com&client_secret=d-FL95Q19q7MQmFpd7hHD0Ty&code=4%2F0AQSTgQGSbrXelcpTqnsbNrqurjivRsJGjj6JtiCjJzT5-CG-97PlC9CrvR0ARUgzunKVOA&redirect_uri=http%3A%2F%2Flocalhost%3A8085%2F&code_verifier=gF~2C3tKVdH.no~_ijjDuArGkQjH8wPA_LM85dDoTnWxV6TCtoXtxrbLhjhSs~v9CAsHDZDGICdbFAZoUylDLrMXGW4N9zJfvTe_flMfp_gmnAXhc005vrOP-xpAemUq
2025-03-22 19:09:04,864 DEBUG    requests_oauthlib.oauth2_session Request to fetch token completed with status 200.
2025-03-22 19:09:04,864 DEBUG    requests_oauthlib.oauth2_session Request headers were {'user-agent': b'google-cloud-sdk gcloud/515.0.0 command/gcloud.auth.application-default.login invocation-id/4828f29f8f3e41909e9122dc13ef1d05 environment/None environment-version/None client-os/MACOSX client-os-ver/24.3.0 client-pltf-arch/arm interactive/True from-script/False python/3.12.8 term/xterm-256color (Macintosh; Intel Mac OS X 24.3.0)', 'Accept-Encoding': 'gzip, deflate', 'Accept': b'application/json', 'Connection': 'keep-alive', 'Content-Type': b'application/x-www-form-urlencoded;charset=UTF-8', 'Content-Length': '421'}
2025-03-22 19:09:04,864 DEBUG    requests_oauthlib.oauth2_session Request body was grant_type=authorization_code&client_id=764086051850-6qr4p6gpi6hn506pt8ejuq83di341hur.apps.googleusercontent.com&client_secret=d-FL95Q19q7MQmFpd7hHD0Ty&code=4%2F0AQSTgQGSbrXelcpTqnsbNrqurjivRsJGjj6JtiCjJzT5-CG-97PlC9CrvR0ARUgzunKVOA&redirect_uri=http%3A%2F%2Flocalhost%3A8085%2F&code_verifier=gF~2C3tKVdH.no~_ijjDuArGkQjH8wPA_LM85dDoTnWxV6TCtoXtxrbLhjhSs~v9CAsHDZDGICdbFAZoUylDLrMXGW4N9zJfvTe_flMfp_gmnAXhc005vrOP-xpAemUq
2025-03-22 19:09:04,864 DEBUG    requests_oauthlib.oauth2_session Response headers were {'Pragma': 'no-cache', 'Date': 'Sat, 22 Mar 2025 23:09:04 GMT', 'Expires': 'Mon, 01 Jan 1990 00:00:00 GMT', 'Cache-Control': 'no-cache, no-store, max-age=0, must-revalidate', 'Content-Type': 'application/json; charset=utf-8', 'Vary': 'Origin, X-Origin, Referer', 'Content-Encoding': 'gzip', 'Server': 'scaffolding on HTTPServer2', 'X-XSS-Protection': '0', 'X-Frame-Options': 'SAMEORIGIN', 'X-Content-Type-Options': 'nosniff', 'Alt-Svc': 'h3=":443"; ma=2592000,h3-29=":443"; ma=2592000', 'Transfer-Encoding': 'chunked'} and content {
  "access_token": "ya29.a0AeXRPp5pJWYaTZ4KV8Ale02WMaAdioNsM2ati_-7KbRdDLhU_MEbLriT3y54GOBR6U1XPX2iEe_F4Ry4f6xNdDqBxSKPiwb2acDnDi9VXnA2zNIqEfq-IaUVj0OEE7FAoRBzBh95V57y-8y6IJvlJEfFiBGoEBuQ2mf1m3_UaCgYKAT4SARESFQHGX2MiCj24mi5UH544CHxrx2V8JA0175",
  "expires_in": 3599,
  "refresh_token": "1//05iEjFWRLJPTTCgYIARAAGAUSNwF-L9IrHgXZBJ8xXpDgqIXLeIXsbmpNSQI_qRzj5KJFHiCA7NHA7ig7GXiQN6PAzsikgM5vajc",
  "scope": "openid https://www.googleapis.com/auth/cloud-platform https://www.googleapis.com/auth/sqlservice.login https://www.googleapis.com/auth/userinfo.email",
  "token_type": "Bearer",
  "id_token": "eyJhbGciOiJSUzI1NiIsImtpZCI6ImVlMTkzZDQ2NDdhYjRhMzU4NWFhOWIyYjNiNDg0YTg3YWE2OGJiNDIiLCJ0eXAiOiJKV1QifQ.eyJpc3MiOiJodHRwczovL2FjY291bnRzLmdvb2dsZS5jb20iLCJhenAiOiI3NjQwODYwNTE4NTAtNnFyNHA2Z3BpNmhuNTA2cHQ4ZWp1cTgzZGkzNDFodXIuYXBwcy5nb29nbGV1c2VyY29udGVudC5jb20iLCJhdWQiOiI3NjQwODYwNTE4NTAtNnFyNHA2Z3BpNmhuNTA2cHQ4ZWp1cTgzZGkzNDFodXIuYXBwcy5nb29nbGV1c2VyY29udGVudC5jb20iLCJzdWIiOiIxMTU5OTk5NTc3NDM2Mzk3NDI4OTgiLCJoZCI6ImFuZHJldy5jbXUuZWR1IiwiZW1haWwiOiJhYXJ1c2hhQGFuZHJldy5jbXUuZWR1IiwiZW1haWxfdmVyaWZpZWQiOnRydWUsImF0X2hhc2giOiI3cTl1TDBWZ1ZONDBnY2Jyd3M1eU9BIiwiaWF0IjoxNzQyNjg0OTQ0LCJleHAiOjE3NDI2ODg1NDR9.oW_xQ_6Vwn-7soo4YpO-Sk9XFDG8M5EtD1mpyGOy9j5taETkp_jVp59m-JYypxIdOUipmuXiCzkCOZZmrBq47Ru4Nb1inZ2sZTuIW2KcVG06jl3S_2U5Xm3coGaK6Rp7j3ucTbVcA8wNvDb0Tth7oQStn29i4MEm45o3msV52MWHrJzBsm6UA05GP_MZLBms1EUNls8hSduU8oeHxdweVQwd0uUHMipMfFeIIHmLVx68tDj76pdgtFaETPTpRR32tcH0KfCpkp4g41m6RxNNNtMHdfqsGuB50Ba9tVyiNiBNMb_UxY_wdJjmcnq7MiwhmuVt5Lb0LRt-iTvXqjl8gA"
}.
2025-03-22 19:09:04,865 DEBUG    requests_oauthlib.oauth2_session Invoking 0 token response hooks.
2025-03-22 19:09:04,865 DEBUG    requests_oauthlib.oauth2_session Obtained token {'access_token': 'ya29.a0AeXRPp5pJWYaTZ4KV8Ale02WMaAdioNsM2ati_-7KbRdDLhU_MEbLriT3y54GOBR6U1XPX2iEe_F4Ry4f6xNdDqBxSKPiwb2acDnDi9VXnA2zNIqEfq-IaUVj0OEE7FAoRBzBh95V57y-8y6IJvlJEfFiBGoEBuQ2mf1m3_UaCgYKAT4SARESFQHGX2MiCj24mi5UH544CHxrx2V8JA0175', 'expires_in': 3599, 'refresh_token': '1//05iEjFWRLJPTTCgYIARAAGAUSNwF-L9IrHgXZBJ8xXpDgqIXLeIXsbmpNSQI_qRzj5KJFHiCA7NHA7ig7GXiQN6PAzsikgM5vajc', 'scope': ['openid', 'https://www.googleapis.com/auth/cloud-platform', 'https://www.googleapis.com/auth/sqlservice.login', 'https://www.googleapis.com/auth/userinfo.email'], 'token_type': 'Bearer', 'id_token': 'eyJhbGciOiJSUzI1NiIsImtpZCI6ImVlMTkzZDQ2NDdhYjRhMzU4NWFhOWIyYjNiNDg0YTg3YWE2OGJiNDIiLCJ0eXAiOiJKV1QifQ.eyJpc3MiOiJodHRwczovL2FjY291bnRzLmdvb2dsZS5jb20iLCJhenAiOiI3NjQwODYwNTE4NTAtNnFyNHA2Z3BpNmhuNTA2cHQ4ZWp1cTgzZGkzNDFodXIuYXBwcy5nb29nbGV1c2VyY29udGVudC5jb20iLCJhdWQiOiI3NjQwODYwNTE4NTAtNnFyNHA2Z3BpNmhuNTA2cHQ4ZWp1cTgzZGkzNDFodXIuYXBwcy5nb29nbGV1c2VyY29udGVudC5jb20iLCJzdWIiOiIxMTU5OTk5NTc3NDM2Mzk3NDI4OTgiLCJoZCI6ImFuZHJldy5jbXUuZWR1IiwiZW1haWwiOiJhYXJ1c2hhQGFuZHJldy5jbXUuZWR1IiwiZW1haWxfdmVyaWZpZWQiOnRydWUsImF0X2hhc2giOiI3cTl1TDBWZ1ZONDBnY2Jyd3M1eU9BIiwiaWF0IjoxNzQyNjg0OTQ0LCJleHAiOjE3NDI2ODg1NDR9.oW_xQ_6Vwn-7soo4YpO-Sk9XFDG8M5EtD1mpyGOy9j5taETkp_jVp59m-JYypxIdOUipmuXiCzkCOZZmrBq47Ru4Nb1inZ2sZTuIW2KcVG06jl3S_2U5Xm3coGaK6Rp7j3ucTbVcA8wNvDb0Tth7oQStn29i4MEm45o3msV52MWHrJzBsm6UA05GP_MZLBms1EUNls8hSduU8oeHxdweVQwd0uUHMipMfFeIIHmLVx68tDj76pdgtFaETPTpRR32tcH0KfCpkp4g41m6RxNNNtMHdfqsGuB50Ba9tVyiNiBNMb_UxY_wdJjmcnq7MiwhmuVt5Lb0LRt-iTvXqjl8gA', 'expires_at': 1742688543.865216}.
2025-03-22 19:09:04,872 INFO     ___FILE_ONLY___ 
Credentials saved to file: [/Users/aarushagarwal/.config/gcloud/application_default_credentials.json]

2025-03-22 19:09:04,872 INFO     ___FILE_ONLY___ 
These credentials will be used by any library that requests Application Default Credentials (ADC).

2025-03-22 19:09:04,873 WARNING  root            
Cannot find a quota project to add to ADC. You might receive a "quota exceeded" or "API not enabled" error. Run $ gcloud auth application-default set-quota-project to add a quota project.
2025-03-22 19:09:04,874 DEBUG    root            Chosen display Format:none
2025-03-22 19:09:04,876 INFO     root            Display format: "none"
